生成启动时间为 2017/2/27 星期一 下午 12:43:40。
     1>项目“D:\1-项目\1-bak-已经完成的项目\g_WavPro\WavProDLL\WavProDLL\WavProDLL.vcxproj”在节点 2 上(Rebuild 个目标)。
     1>ClCompile:
         C:\Program Files (x86)\Microsoft Visual Studio 12.0\VC\bin\CL.exe /c /ZI /nologo /W3 /WX- /Od /Oy- /D WIN32 /D _DEBUG /D _WINDOWS /D _USRDLL /D WAVPRODLL_EXPORTS /D _UNICODE /D UNICODE /Gm /EHsc /RTC1 /MDd /GS /fp:precise /Zc:wchar_t /Zc:forScope /Yc"stdafx.h" /Fp"Debug\WavProDLL.pch" /Fo"Debug\\" /Fd"Debug\vc120.pdb" /Gd /TP /analyze- /errorReport:prompt stdafx.cpp
         stdafx.cpp
         C:\Program Files (x86)\Microsoft Visual Studio 12.0\VC\bin\CL.exe /c /ZI /nologo /W3 /WX- /Od /Oy- /D WIN32 /D _DEBUG /D _WINDOWS /D _USRDLL /D WAVPRODLL_EXPORTS /D _UNICODE /D UNICODE /Gm /EHsc /RTC1 /MDd /GS /fp:precise /Zc:wchar_t /Zc:forScope /Fo"Debug\\" /Fd"Debug\vc120.pdb" /Gd /TP /analyze- /errorReport:prompt dllmain.cpp
         dllmain.cpp
         C:\Program Files (x86)\Microsoft Visual Studio 12.0\VC\bin\CL.exe /c /ZI /nologo /W3 /WX- /Od /Oy- /D WIN32 /D _DEBUG /D _WINDOWS /D _USRDLL /D WAVPRODLL_EXPORTS /D _UNICODE /D UNICODE /Gm /EHsc /RTC1 /MDd /GS /fp:precise /Zc:wchar_t /Zc:forScope /Yu"stdafx.h" /Fp"Debug\WavProDLL.pch" /Fo"Debug\\" /Fd"Debug\vc120.pdb" /Gd /TP /analyze- /errorReport:prompt WaveFile.cpp WavProDLL.cpp
         WavProDLL.cpp
         WaveFile.cpp
         正在生成代码...
       Lib:
         C:\Program Files (x86)\Microsoft Visual Studio 12.0\VC\bin\Lib.exe /OUT:"D:\1-项目\1-bak-已经完成的项目\g_WavPro\WavProDLL\Debug\WavProDLL.lib" /NOLOGO Debug\dllmain.obj
         Debug\stdafx.obj
         Debug\WaveFile.obj
         Debug\WavProDLL.obj
         WavProDLL.vcxproj -> D:\1-项目\1-bak-已经完成的项目\g_WavPro\WavProDLL\Debug\WavProDLL.lib
     1>已完成生成项目“D:\1-项目\1-bak-已经完成的项目\g_WavPro\WavProDLL\WavProDLL\WavProDLL.vcxproj”(Rebuild 个目标)的操作。

生成成功。

已用时间 00:00:00.90
