生成启动时间为 2017/2/27 星期一 下午 1:37:17。
     1>项目“D:\1-项目\1-bak-已经完成的项目\g_WavPro\WavProDLL\WavProDLL\WavProDLL.vcxproj”在节点 2 上(Rebuild 个目标)。
     1>ClCompile:
         C:\Program Files (x86)\Microsoft Visual Studio 12.0\VC\bin\CL.exe /c /Zi /nologo /W3 /WX- /O2 /Oi /Oy- /GL /D WIN32 /D NDEBUG /D _WINDOWS /D _USRDLL /D WAVPRODLL_EXPORTS /D _WINDLL /D _UNICODE /D UNICODE /Gm- /EHsc /MD /GS /Gy /fp:precise /Zc:wchar_t /Zc:forScope /Yc"stdafx.h" /Fp"Release\WavProDLL.pch" /Fo"Release\\" /Fd"Release\vc120.pdb" /Gd /TP /analyze- /errorReport:prompt stdafx.cpp
         stdafx.cpp
         C:\Program Files (x86)\Microsoft Visual Studio 12.0\VC\bin\CL.exe /c /Zi /nologo /W3 /WX- /O2 /Oi /Oy- /GL /D WIN32 /D NDEBUG /D _WINDOWS /D _USRDLL /D WAVPRODLL_EXPORTS /D _WINDLL /D _UNICODE /D UNICODE /Gm- /EHsc /MD /GS /Gy /fp:precise /Zc:wchar_t /Zc:forScope /Fo"Release\\" /Fd"Release\vc120.pdb" /Gd /TP /analyze- /errorReport:prompt dllmain.cpp
         dllmain.cpp
         C:\Program Files (x86)\Microsoft Visual Studio 12.0\VC\bin\CL.exe /c /Zi /nologo /W3 /WX- /O2 /Oi /Oy- /GL /D WIN32 /D NDEBUG /D _WINDOWS /D _USRDLL /D WAVPRODLL_EXPORTS /D _WINDLL /D _UNICODE /D UNICODE /Gm- /EHsc /MD /GS /Gy /fp:precise /Zc:wchar_t /Zc:forScope /Yu"stdafx.h" /Fp"Release\WavProDLL.pch" /Fo"Release\\" /Fd"Release\vc120.pdb" /Gd /TP /analyze- /errorReport:prompt WaveFile.cpp WavProDLL.cpp
         WaveFile.cpp
         WavProDLL.cpp
       Link:
         C:\Program Files (x86)\Microsoft Visual Studio 12.0\VC\bin\link.exe /ERRORREPORT:PROMPT /OUT:"D:\1-项目\1-bak-已经完成的项目\g_WavPro\WavProDLL\Release\WavProDLL.dll" /INCREMENTAL:NO /NOLOGO kernel32.lib user32.lib gdi32.lib winspool.lib comdlg32.lib advapi32.lib shell32.lib ole32.lib oleaut32.lib uuid.lib odbc32.lib odbccp32.lib /MANIFEST /MANIFESTUAC:"level='asInvoker' uiAccess='false'" /manifest:embed /DEBUG /PDB:"D:\1-项目\1-bak-已经完成的项目\g_WavPro\WavProDLL\Release\WavProDLL.pdb" /SUBSYSTEM:WINDOWS /OPT:REF /OPT:ICF /LTCG /TLBID:1 /DYNAMICBASE /NXCOMPAT /IMPLIB:"D:\1-项目\1-bak-已经完成的项目\g_WavPro\WavProDLL\Release\WavProDLL.lib" /MACHINE:X86 /SAFESEH /DLL Release\dllmain.obj
         Release\stdafx.obj
         Release\WaveFile.obj
         Release\WavProDLL.obj
         正在生成代码
         已完成代码的生成
         WavProDLL.vcxproj -> D:\1-项目\1-bak-已经完成的项目\g_WavPro\WavProDLL\Release\WavProDLL.dll
     1>已完成生成项目“D:\1-项目\1-bak-已经完成的项目\g_WavPro\WavProDLL\WavProDLL\WavProDLL.vcxproj”(Rebuild 个目标)的操作。

生成成功。

已用时间 00:00:01.04
